 * Serving Flask app 'app'
 * Debug mode: on
[31m[1mWARNING: This is a development server. Do not use it in a production deployment. Use a production WSGI server instead.[0m
 * Running on http://127.0.0.1:5002
[33mPress CTRL+C to quit[0m
 * Restarting with watchdog (inotify)
 * Debugger is active!
 * Debugger PIN: 259-446-379
127.0.0.1 - - [29/Oct/2024 12:41:54] "HEAD / HTTP/1.1" 200 -
127.0.0.1 - - [29/Oct/2024 12:42:07] "GET / HTTP/1.1" 200 -
127.0.0.1 - - [29/Oct/2024 12:42:21] "POST / HTTP/1.1" 200 -
 * Detected change in '/home/user/app.py', reloading
 * Detected change in '/home/user/app.py', reloading
 * Detected change in '/home/user/app.py', reloading
 * Detected change in '/home/user/.backup.app.py', reloading
 * Detected change in '/home/user/.backup.app.py', reloading
 * Detected change in '/home/user/.backup.app.py', reloading
 * Detected change in '/home/user/app.py', reloading
 * Detected change in '/home/user/.backup.app.py', reloading
 * Detected change in '/home/user/.backup.app.py', reloading
 * Detected change in '/home/user/app.py', reloading
 * Detected change in '/home/user/app.py', reloading
 * Detected change in '/home/user/.backup.app.py', reloading
 * Detected change in '/home/user/app.py', reloading
 * Detected change in '/home/user/app.py', reloading
 * Detected change in '/home/user/.backup.app.py', reloading
 * Detected change in '/home/user/app.py', reloading
 * Detected change in '/home/user/app.py', reloading
 * Detected change in '/home/user/app.py', reloading
 * Detected change in '/home/user/app.py', reloading
 * Detected change in '/usr/local/lib/python3.10/dist-packages/flask/__init__.py', reloading
 * Detected change in '/usr/local/lib/python3.10/dist-packages/flask/__init__.py', reloading
 * Detected change in '/usr/local/lib/python3.10/dist-packages/flask/__init__.py', reloading
 * Detected change in '/usr/local/lib/python3.10/dist-packages/flask/app.py', reloading
 * Detected change in '/usr/local/lib/python3.10/dist-packages/flask/__init__.py', reloading
 * Detected change in '/usr/local/lib/python3.10/dist-packages/flask/sansio/app.py', reloading
 * Detected change in '/usr/local/lib/python3.10/dist-packages/flask/__init__.py', reloading
 * Detected change in '/usr/local/lib/python3.10/dist-packages/flask/sansio/scaffold.py', reloading
 * Detected change in '/usr/local/lib/python3.10/dist-packages/flask/sansio/scaffold.py', reloading
 * Detected change in '/usr/local/lib/python3.10/dist-packages/werkzeug/__init__.py', reloading
 * Detected change in '/usr/local/lib/python3.10/dist-packages/werkzeug/utils.py', reloading
 * Detected change in '/usr/lib/python3.10/typing.py', reloading
 * Detected change in '/usr/lib/python3.10/collections/__init__.py', reloading
 * Restarting with watchdog (inotify)
 * Debugger is active!
 * Debugger PIN: 259-446-379
